<?xml version="1.0" encoding="UTF-8"?>
<coverage generated="1541602402698" clover="3.2.0">
  <project timestamp="1541602402698" name="All files">
    <metrics statements="21" coveredstatements="19" conditionals="10" coveredconditionals="5" methods="5" coveredmethods="4" elements="36" coveredelements="28" complexity="0" loc="21" ncloc="21" packages="2" files="3" classes="3">
      <package name="Utilities">
        <metrics statements="5" coveredstatements="5" conditionals="0" coveredconditionals="0" methods="1" coveredmethods="1"/>
        <file name="api.js" path="/Users/chrisboylen/Desktop/turing/mod-four/projects/cb-m4-final/src/Utilities/api.js">
          <metrics statements="5" coveredstatements="5" conditionals="0" coveredconditionals="0" methods="1" coveredmethods="1"/>
          <line num="1" count="3" type="stmt"/>
          <line num="2" count="4" type="stmt"/>
          <line num="3" count="4" type="stmt"/>
          <line num="4" count="4" type="stmt"/>
          <line num="5" count="3" type="stmt"/>
        </file>
      </package>
      <package name="components">
        <metrics statements="16" coveredstatements="14" conditionals="10" coveredconditionals="5" methods="4" coveredmethods="3"/>
        <file name="App.vue" path="/Users/chrisboylen/Desktop/turing/mod-four/projects/cb-m4-final/src/components/App.vue">
          <metrics statements="4" coveredstatements="4" conditionals="2" coveredconditionals="2" methods="0" coveredmethods="0"/>
          <line num="9" count="1" type="stmt"/>
          <line num="10" count="1" type="stmt"/>
          <line num="15" count="1" type="stmt"/>
          <line num="16" count="1" type="stmt"/>
        </file>
        <file name="Container.vue" path="/Users/chrisboylen/Desktop/turing/mod-four/projects/cb-m4-final/src/components/Container.vue">
          <metrics statements="12" coveredstatements="10" conditionals="8" coveredconditionals="3" methods="4" coveredmethods="3"/>
          <line num="36" count="2" type="stmt"/>
          <line num="37" count="2" type="stmt"/>
          <line num="46" count="2" type="stmt"/>
          <line num="56" count="3" type="stmt"/>
          <line num="57" count="3" type="stmt"/>
          <line num="59" count="3" type="cond" truecount="3" falsecount="1"/>
          <line num="60" count="3" type="stmt"/>
          <line num="62" count="0" type="stmt"/>
          <line num="63" count="0" type="cond" truecount="0" falsecount="4"/>
          <line num="71" count="2" type="stmt"/>
          <line num="73" count="1" type="stmt"/>
          <line num="76" count="1" type="stmt"/>
        </file>
      </package>
    </metrics>
  </project>
</coverage>
