{"/Users/chrisboylen/Desktop/turing/mod-four/projects/cb-m4-final/src/Utilities/api.js": {"path":"/Users/chrisboylen/Desktop/turing/mod-four/projects/cb-m4-final/src/Utilities/api.js","statementMap":{"0":{"start":{"line":1,"column":29},"end":{"line":6,"column":1}},"1":{"start":{"line":2,"column":14},"end":{"line":2,"column":41}},"2":{"start":{"line":3,"column":14},"end":{"line":3,"column":175}},"3":{"start":{"line":4,"column":19},"end":{"line":4,"column":35}},"4":{"start":{"line":5,"column":2},"end":{"line":5,"column":25}}},"fnMap":{"0":{"name":"(anonymous_0)","decl":{"start":{"line":1,"column":29},"end":{"line":1,"column":30}},"loc":{"start":{"line":1,"column":41},"end":{"line":6,"column":1}},"line":1}},"branchMap":{},"s":{"0":3,"1":4,"2":4,"3":4,"4":3},"f":{"0":4},"b":{},"_coverageSchema":"332fd63041d2c1bcb487cc26dd0d5f7d97098a6c","hash":"1dd3ec9f4d19b1ca2ad62d03125d1aed7cd91b68"}
,"/Users/chrisboylen/Desktop/turing/mod-four/projects/cb-m4-final/src/components/App.vue": {"path":"/Users/chrisboylen/Desktop/turing/mod-four/projects/cb-m4-final/src/components/App.vue","statementMap":{"0":{"start":{"line":9,"column":0},"end":{"line":null,"column":-1}},"1":{"start":{"line":10,"column":0},"end":{"line":null,"column":-1}},"2":{"start":{"line":15,"column":0},"end":{"line":null,"column":-1}},"3":{"start":{"line":16,"column":0},"end":{"line":null,"column":-1}}},"fnMap":{},"branchMap":{"0":{"loc":{"start":{"line":17,"column":0},"end":{"line":null,"column":-1}},"type":"binary-expr","locations":[{"start":{"line":17,"column":0},"end":{"line":null,"column":-1}},{"start":{"line":17,"column":0},"end":{"line":null,"column":-1}}]}},"s":{"0":1,"1":1,"2":1,"3":1},"f":{},"b":{"0":[1,1]}}
,"/Users/chrisboylen/Desktop/turing/mod-four/projects/cb-m4-final/src/components/Container.vue": {"path":"/Users/chrisboylen/Desktop/turing/mod-four/projects/cb-m4-final/src/components/Container.vue","statementMap":{"0":{"start":{"line":36,"column":0},"end":{"line":null,"column":-1}},"1":{"start":{"line":37,"column":0},"end":{"line":null,"column":-1}},"2":{"start":{"line":46,"column":0},"end":{"line":null,"column":-1}},"3":{"start":{"line":56,"column":0},"end":{"line":null,"column":-1}},"4":{"start":{"line":57,"column":0},"end":{"line":null,"column":-1}},"5":{"start":{"line":59,"column":0},"end":{"line":66,"column":0}},"6":{"start":{"line":60,"column":0},"end":{"line":null,"column":-1}},"7":{"start":{"line":62,"column":0},"end":{"line":65,"column":0}},"8":{"start":{"line":63,"column":0},"end":{"line":null,"column":-1}},"9":{"start":{"line":71,"column":0},"end":{"line":76,"column":0}},"10":{"start":{"line":73,"column":0},"end":{"line":null,"column":-1}},"11":{"start":{"line":76,"column":0},"end":{"line":null,"column":-1}}},"fnMap":{"0":{"name":"(anonymous_2)","decl":{"start":{"line":55,"column":0},"end":{"line":null,"column":-1}},"loc":{"start":{"line":55,"column":0},"end":{"line":67,"column":0}}},"1":{"name":"(anonymous_3)","decl":{"start":{"line":62,"column":0},"end":{"line":null,"column":-1}},"loc":{"start":{"line":62,"column":0},"end":{"line":65,"column":0}}},"2":{"name":"(anonymous_4)","decl":{"start":{"line":71,"column":0},"end":{"line":null,"column":-1}},"loc":{"start":{"line":71,"column":0},"end":{"line":75,"column":0}}},"3":{"name":"(anonymous_5)","decl":{"start":{"line":75,"column":0},"end":{"line":null,"column":-1}},"loc":{"start":{"line":75,"column":0},"end":{"line":76,"column":0}}}},"branchMap":{"0":{"loc":{"start":{"line":59,"column":0},"end":{"line":66,"column":0}},"type":"if","locations":[{"start":{"line":59,"column":0},"end":{"line":66,"column":0}},{"start":{"line":59,"column":0},"end":{"line":66,"column":0}}]},"1":{"loc":{"start":{"line":59,"column":0},"end":{"line":null,"column":-1}},"type":"binary-expr","locations":[{"start":{"line":59,"column":0},"end":{"line":null,"column":-1}},{"start":{"line":59,"column":0},"end":{"line":null,"column":-1}}]},"2":{"loc":{"start":{"line":63,"column":0},"end":{"line":null,"column":-1}},"type":"binary-expr","locations":[{"start":{"line":63,"column":0},"end":{"line":null,"column":-1}},{"start":{"line":63,"column":0},"end":{"line":null,"column":-1}},{"start":{"line":63,"column":0},"end":{"line":null,"column":-1}},{"start":{"line":63,"column":0},"end":{"line":null,"column":-1}}]}},"s":{"0":2,"1":2,"2":2,"3":3,"4":3,"5":3,"6":3,"7":0,"8":0,"9":2,"10":1,"11":1},"f":{"0":3,"1":0,"2":1,"3":1},"b":{"0":[3,0],"1":[3,3],"2":[0,0,0,0]}}
}
