TN:
SF:/Users/chrisboylen/Desktop/turing/mod-four/projects/cb-m4-final/src/Utilities/api.js
FN:1,(anonymous_0)
FNF:1
FNH:1
FNDA:4,(anonymous_0)
DA:1,3
DA:2,4
DA:3,4
DA:4,4
DA:5,3
LF:5
LH:5
BRF:0
BRH:0
end_of_record
TN:
SF:/Users/chrisboylen/Desktop/turing/mod-four/projects/cb-m4-final/src/components/App.vue
FNF:0
FNH:0
DA:9,1
DA:10,1
DA:15,1
DA:16,1
LF:4
LH:4
BRDA:17,0,0,1
BRDA:17,0,1,1
BRF:2
BRH:2
end_of_record
TN:
SF:/Users/chrisboylen/Desktop/turing/mod-four/projects/cb-m4-final/src/components/Container.vue
FN:55,(anonymous_2)
FN:62,(anonymous_3)
FN:71,(anonymous_4)
FN:75,(anonymous_5)
FNF:4
FNH:3
FNDA:3,(anonymous_2)
FNDA:0,(anonymous_3)
FNDA:1,(anonymous_4)
FNDA:1,(anonymous_5)
DA:36,2
DA:37,2
DA:46,2
DA:56,3
DA:57,3
DA:59,3
DA:60,3
DA:62,0
DA:63,0
DA:71,2
DA:73,1
DA:76,1
LF:12
LH:10
BRDA:59,0,0,3
BRDA:59,0,1,0
BRDA:59,1,0,3
BRDA:59,1,1,3
BRDA:63,2,0,0
BRDA:63,2,1,0
BRDA:63,2,2,0
BRDA:63,2,3,0
BRF:8
BRH:3
end_of_record
